La génération a démarré 28/07/2016 13:46:35.
     1>Projet "C:\Users\Administrateur\Desktop\jmax\jmax\jmax.vcxproj" sur le nœud 2 (Build cible(s)).
     1>ClCompile:
         C:\Program Files (x86)\Microsoft Visual Studio 12.0\VC\bin\CL.exe /c /IC:\Users\Administrateur\Desktop\jmax\\library\GLM\include /IC:\Users\Administrateur\Desktop\jmax\\library\SOIL\include /IC:\Users\Administrateur\Desktop\jmax\\library\GLFW\include /IC:\Users\Administrateur\Desktop\jmax\\library\glew\include /AI"C:\Program Files (x86)\Reference Assemblies\Microsoft\Framework\.NETFramework\v4.0" /AI"C:\Program Files (x86)\Windows Kits\8.1\References\CommonConfiguration\Neutral" /Zi /clr /nologo /W3 /WX- /Od /Oy- /D WIN32 /D _DEBUG /D _USING_V110_SDK71_ /D _UNICODE /D UNICODE /EHa /MDd /GS /fp:precise /Zc:wchar_t /Zc:forScope /Fo"Debug\\" /Fd"Debug\vc120.pdb" /TP /FU"C:\Program Files (x86)\Reference Assemblies\Microsoft\Framework\.NETFramework\v4.0\mscorlib.dll" /analyze- /errorReport:prompt /clr:nostdlib engine.cpp
         engine.cpp
       Link:
         C:\Program Files (x86)\Microsoft Visual Studio 12.0\VC\bin\link.exe /ERRORREPORT:PROMPT /OUT:"C:\Users\Administrateur\Desktop\jmax\Debug\jmax.exe" /INCREMENTAL /NOLOGO /LIBPATH:C:\Users\Administrateur\Desktop\jmax\\library\SOIL\lib /LIBPATH:C:\Users\Administrateur\Desktop\jmax\\library\GLFW\lib GLFW.lib SOIL.lib opengl32.lib kernel32.lib user32.lib gdi32.lib winspool.lib comdlg32.lib advapi32.lib shell32.lib ole32.lib oleaut32.lib uuid.lib odbc32.lib odbccp32.lib /MANIFEST /MANIFESTUAC:"level='asInvoker' uiAccess='false'" /manifest:embed /DEBUG /PDB:"C:\Users\Administrateur\Desktop\jmax\Debug\jmax.pdb" /ASSEMBLYDEBUG /SUBSYSTEM:CONSOLE,"5.01" /TLBID:1 /DYNAMICBASE /FIXED:NO /NXCOMPAT /MACHINE:X86 Debug\bind.obj
         Debug\handler.obj
         Debug\engine.obj
         Debug\load.obj
         Debug\loadMtlFile.obj
         Debug\loadObjFile.obj
         Debug\loadOffFile.obj
         Debug\main.obj
         Debug\material.obj
         Debug\model.obj
         Debug\camera.obj
         "Debug\.NETFramework,Version=v4.0.AssemblyAttributes.obj"
     1>SOIL.lib(SOIL.obj) : warning LNK4075: ' /EDITANDCONTINUE' ignorÚ Ó cause de la spÚcification '/OPT:LBR'
     1>engine.obj : warning LNK4248: jeton typeref non rÚsolu (0100001B) pour 'GLFWwindow'á; l'image risque de ne pas s'exÚcuter
     1>handler.obj : warning LNK4248: jeton typeref non rÚsolu (01000017) pour 'GLFWwindow'á; l'image risque de ne pas s'exÚcuter
     1>engine.obj : warning LNK4248: jeton typeref non rÚsolu (01000024) pour 'GLFWmonitor'á; l'image risque de ne pas s'exÚcuter
     1>SOIL.lib(image_DXT.obj) : warning LNK4099: PDB 'vc120.pdb' n'a pu Ûtre trouvÚ avec 'SOIL.lib(image_DXT.obj)' ou sur 'C:\Users\Administrateur\Desktop\jmax\Debug\vc120.pdb'á; l'objet sera liÚ sans informations de dÚbogage
     1>SOIL.lib(image_helper.obj) : warning LNK4099: PDB 'vc120.pdb' n'a pu Ûtre trouvÚ avec 'SOIL.lib(image_helper.obj)' ou sur 'C:\Users\Administrateur\Desktop\jmax\Debug\vc120.pdb'á; l'objet sera liÚ sans informations de dÚbogage
     1>SOIL.lib(SOIL.obj) : warning LNK4099: PDB 'vc120.pdb' n'a pu Ûtre trouvÚ avec 'SOIL.lib(SOIL.obj)' ou sur 'C:\Users\Administrateur\Desktop\jmax\Debug\vc120.pdb'á; l'objet sera liÚ sans informations de dÚbogage
     1>SOIL.lib(stb_image_aug.obj) : warning LNK4099: PDB 'vc120.pdb' n'a pu Ûtre trouvÚ avec 'SOIL.lib(stb_image_aug.obj)' ou sur 'C:\Users\Administrateur\Desktop\jmax\Debug\vc120.pdb'á; l'objet sera liÚ sans informations de dÚbogage
         jmax.vcxproj -> C:\Users\Administrateur\Desktop\jmax\Debug\jmax.exe
     1>Génération du projet "C:\Users\Administrateur\Desktop\jmax\jmax\jmax.vcxproj" terminée (Build cible(s)).

La génération a réussi.

Temps écoulé 00:00:02.61
