c:\users\administrateur\desktop\jmax\jmax\debug\vc120.pdb
c:\users\administrateur\desktop\jmax\jmax\debug\camera.obj
c:\users\administrateur\desktop\jmax\jmax\debug\model.obj
c:\users\administrateur\desktop\jmax\jmax\debug\material.obj
c:\users\administrateur\desktop\jmax\jmax\debug\main.obj
c:\users\administrateur\desktop\jmax\jmax\debug\loadofffile.obj
c:\users\administrateur\desktop\jmax\jmax\debug\loadobjfile.obj
c:\users\administrateur\desktop\jmax\jmax\debug\loadmtlfile.obj
c:\users\administrateur\desktop\jmax\jmax\debug\load.obj
c:\users\administrateur\desktop\jmax\jmax\debug\engine.obj
c:\users\administrateur\desktop\jmax\jmax\debug\handler.obj
c:\users\administrateur\desktop\jmax\jmax\debug\bind.obj
c:\users\administrateur\desktop\jmax\jmax\debug\.netframework,version=v4.0.assemblyattributes.obj
c:\users\administrateur\desktop\jmax\debug\jmax.exe
c:\users\administrateur\desktop\jmax\debug\jmax.pdb
c:\users\administrateur\desktop\jmax\jmax\debug\jmax.vcxprojresolveassemblyreference.cache
c:\users\administrateur\desktop\jmax\jmax\debug\jmax.tlog\cl.command.1.tlog
c:\users\administrateur\desktop\jmax\jmax\debug\jmax.tlog\cl.read.1.tlog
c:\users\administrateur\desktop\jmax\jmax\debug\jmax.tlog\cl.write.1.tlog
c:\users\administrateur\desktop\jmax\jmax\debug\jmax.tlog\link.command.1.tlog
c:\users\administrateur\desktop\jmax\jmax\debug\jmax.tlog\link.read.1.tlog
c:\users\administrateur\desktop\jmax\jmax\debug\jmax.tlog\link.write.1.tlog
c:\users\administrateur\desktop\jmax\jmax\debug\jmax.tlog\metagen.read.1.tlog
c:\users\administrateur\desktop\jmax\jmax\debug\jmax.tlog\metagen.write.1.tlog
c:\users\administrateur\desktop\jmax\jmax\debug\jmax.tlog\rsaenh.dll.bi
c:\users\administrateur\desktop\jmax\jmax\debug\jmax.tlog\tzres.dll.bi
