La génération a démarré 11/11/2015 02:19:17.
     1>Projet "C:\Users\Administrateur\Desktop\jmax\jmax\jmax.vcxproj" sur le nœud 2 (Rebuild cible(s)).
     1>ClCompile:
         C:\Program Files (x86)\Microsoft Visual Studio 12.0\VC\bin\CL.exe /c /IC:\Users\Administrateur\Desktop\jmax\\library\GLM\include /IC:\Users\Administrateur\Desktop\jmax\\library\SOIL\include /IC:\Users\Administrateur\Desktop\jmax\\library\GLFW\include /IC:\Users\Administrateur\Desktop\jmax\\library\glew\include /AI"C:\Program Files (x86)\Reference Assemblies\Microsoft\Framework\.NETFramework\v4.0" /AI"C:\Program Files (x86)\Windows Kits\8.1\References\CommonConfiguration\Neutral" /Zi /clr /nologo /W3 /WX- /O2 /Oy- /D WIN32 /D NDEBUG /D _USING_V110_SDK71_ /D _UNICODE /D UNICODE /EHa /MD /GS /fp:precise /Zc:wchar_t /Zc:forScope /Fo"Release\\" /Fd"Release\vc120.pdb" /TP /FU"C:\Program Files (x86)\Reference Assemblies\Microsoft\Framework\.NETFramework\v4.0\mscorlib.dll" /analyze- /errorReport:prompt /clr:nostdlib bind.cpp fps.cpp handler.cpp jmax.cpp load.cpp loadMtlFile.cpp loadObjFile.cpp loadOffFile.cpp main.cpp material.cpp math.cpp mesh.cpp model.cpp viewPort.cpp
         bind.cpp
         fps.cpp
     1>fps.cpp(20): warning C4244: 'argument' : conversion de 'time_t' en 'float', perte possible de données
         handler.cpp
         jmax.cpp
         load.cpp
         loadMtlFile.cpp
         loadObjFile.cpp
         loadOffFile.cpp
         main.cpp
         material.cpp
         math.cpp
     1>math.cpp(7): warning C4244: 'return' : conversion de 'double' en 'float', perte possible de données
         mesh.cpp
         model.cpp
         viewPort.cpp
         Génération de code en cours...
         C:\Program Files (x86)\Microsoft Visual Studio 12.0\VC\bin\CL.exe /c /IC:\Users\Administrateur\Desktop\jmax\\library\GLM\include /IC:\Users\Administrateur\Desktop\jmax\\library\SOIL\include /IC:\Users\Administrateur\Desktop\jmax\\library\GLFW\include /IC:\Users\Administrateur\Desktop\jmax\\library\glew\include /Zi /clr /nologo /W3 /WX- /O2 /Oy- /D WIN32 /D NDEBUG /D _USING_V110_SDK71_ /D _UNICODE /D UNICODE /EHa /MD /GS /fp:precise /Zc:wchar_t /Zc:forScope /Fo"Release\\" /Fd"Release\vc120.pdb" /TP /analyze- /errorReport:prompt "C:\Users\Administrateur\AppData\Local\Temp\.NETFramework,Version=v4.0.AssemblyAttributes.cpp"
         .NETFramework,Version=v4.0.AssemblyAttributes.cpp
       Link:
         C:\Program Files (x86)\Microsoft Visual Studio 12.0\VC\bin\link.exe /ERRORREPORT:PROMPT /OUT:"C:\Users\Administrateur\Desktop\jmax\Release\jmax.exe" /INCREMENTAL:NO /NOLOGO /LIBPATH:C:\Users\Administrateur\Desktop\jmax\\library\SOIL\lib /LIBPATH:C:\Users\Administrateur\Desktop\jmax\\library\glew\lib /LIBPATH:C:\Users\Administrateur\Desktop\jmax\\library\GLFW\lib glew32.lib GLFW.lib SOIL.lib opengl32.lib kernel32.lib user32.lib gdi32.lib winspool.lib comdlg32.lib advapi32.lib shell32.lib ole32.lib oleaut32.lib uuid.lib odbc32.lib odbccp32.lib /MANIFEST /MANIFESTUAC:"level='asInvoker' uiAccess='false'" /manifest:embed /DEBUG /PDB:"C:\Users\Administrateur\Desktop\jmax\Release\jmax.pdb" /SUBSYSTEM:CONSOLE,"5.01" /TLBID:1 /DYNAMICBASE /FIXED:NO /NXCOMPAT /MACHINE:X86 /SAFESEH Release\bind.obj
         Release\fps.obj
         Release\handler.obj
         Release\jmax.obj
         Release\load.obj
         Release\loadMtlFile.obj
         Release\loadObjFile.obj
         Release\loadOffFile.obj
         Release\main.obj
         Release\material.obj
         Release\math.obj
         Release\mesh.obj
         Release\model.obj
         Release\viewPort.obj
         "Release\.NETFramework,Version=v4.0.AssemblyAttributes.obj"
     1>SOIL.lib(SOIL.obj) : warning LNK4075: ' /EDITANDCONTINUE' ignoré à cause de la spécification '/OPT:LBR'
     1>jmax.obj : warning LNK4248: jeton typeref non résolu (0100001B) pour 'GLFWwindow' ; l'image risque de ne pas s'exécuter
     1>jmax.obj : warning LNK4248: jeton typeref non résolu (01000024) pour 'GLFWmonitor' ; l'image risque de ne pas s'exécuter
     1>SOIL.lib(image_DXT.obj) : warning LNK4099: PDB 'vc120.pdb' n'a pu être trouvé avec 'SOIL.lib(image_DXT.obj)' ou sur 'C:\Users\Administrateur\Desktop\jmax\Release\vc120.pdb' ; l'objet sera lié sans informations de débogage
     1>SOIL.lib(image_helper.obj) : warning LNK4099: PDB 'vc120.pdb' n'a pu être trouvé avec 'SOIL.lib(image_helper.obj)' ou sur 'C:\Users\Administrateur\Desktop\jmax\Release\vc120.pdb' ; l'objet sera lié sans informations de débogage
     1>SOIL.lib(SOIL.obj) : warning LNK4099: PDB 'vc120.pdb' n'a pu être trouvé avec 'SOIL.lib(SOIL.obj)' ou sur 'C:\Users\Administrateur\Desktop\jmax\Release\vc120.pdb' ; l'objet sera lié sans informations de débogage
     1>SOIL.lib(stb_image_aug.obj) : warning LNK4099: PDB 'vc120.pdb' n'a pu être trouvé avec 'SOIL.lib(stb_image_aug.obj)' ou sur 'C:\Users\Administrateur\Desktop\jmax\Release\vc120.pdb' ; l'objet sera lié sans informations de débogage
         jmax.vcxproj -> C:\Users\Administrateur\Desktop\jmax\Release\jmax.exe
     1>Génération du projet "C:\Users\Administrateur\Desktop\jmax\jmax\jmax.vcxproj" terminée (Rebuild cible(s)).

La génération a réussi.

Temps écoulé 00:00:09.09
