c:\users\administrateur\desktop\jmax\jmax\release\vc120.pdb
c:\users\administrateur\desktop\jmax\jmax\release\viewport.obj
c:\users\administrateur\desktop\jmax\jmax\release\model.obj
c:\users\administrateur\desktop\jmax\jmax\release\mesh.obj
c:\users\administrateur\desktop\jmax\jmax\release\math.obj
c:\users\administrateur\desktop\jmax\jmax\release\material.obj
c:\users\administrateur\desktop\jmax\jmax\release\main.obj
c:\users\administrateur\desktop\jmax\jmax\release\loadofffile.obj
c:\users\administrateur\desktop\jmax\jmax\release\loadobjfile.obj
c:\users\administrateur\desktop\jmax\jmax\release\loadmtlfile.obj
c:\users\administrateur\desktop\jmax\jmax\release\load.obj
c:\users\administrateur\desktop\jmax\jmax\release\jmax.obj
c:\users\administrateur\desktop\jmax\jmax\release\handler.obj
c:\users\administrateur\desktop\jmax\jmax\release\fps.obj
c:\users\administrateur\desktop\jmax\jmax\release\bind.obj
c:\users\administrateur\desktop\jmax\jmax\release\.netframework,version=v4.5.assemblyattributes.obj
c:\users\administrateur\desktop\jmax\release\jmax.exe
c:\users\administrateur\desktop\jmax\release\jmax.pdb
c:\users\administrateur\desktop\jmax\jmax\release\jmax.vcxprojresolveassemblyreference.cache
c:\users\administrateur\desktop\jmax\jmax\release\jmax.tlog\cl.command.1.tlog
c:\users\administrateur\desktop\jmax\jmax\release\jmax.tlog\cl.read.1.tlog
c:\users\administrateur\desktop\jmax\jmax\release\jmax.tlog\cl.write.1.tlog
c:\users\administrateur\desktop\jmax\jmax\release\jmax.tlog\link.command.1.tlog
c:\users\administrateur\desktop\jmax\jmax\release\jmax.tlog\link.read.1.tlog
c:\users\administrateur\desktop\jmax\jmax\release\jmax.tlog\link.write.1.tlog
c:\users\administrateur\desktop\jmax\jmax\release\jmax.tlog\metagen.read.1.tlog
c:\users\administrateur\desktop\jmax\jmax\release\jmax.tlog\metagen.write.1.tlog
c:\users\administrateur\desktop\jmax\jmax\release\jmax.tlog\rsaenh.dll.bi
c:\users\administrateur\desktop\jmax\jmax\release\jmax.tlog\tzres.dll.bi
